<?xml version="1.0" encoding="UTF-8"?>
<testng-results skipped="0" failed="0" ignored="0" total="1" passed="1">
  <reporter-output>
  </reporter-output>
  <suite name="Default suite" duration-ms="28213" started-at="2020-10-23T07:30:57 IST" finished-at="2020-10-23T07:31:25 IST">
    <groups>
    </groups>
    <test name="Default test" duration-ms="28213" started-at="2020-10-23T07:30:57 IST" finished-at="2020-10-23T07:31:25 IST">
      <class name="com.jbk.loginTest">
        <test-method status="PASS" signature="test()[pri:0, instance:com.jbk.loginTest@aecb35a]" name="test" duration-ms="28135" started-at="2020-10-23T07:30:57 IST" finished-at="2020-10-23T07:31:25 IST">
          <reporter-output>
          </reporter-output>
        </test-method> <!-- test -->
      </class> <!-- com.jbk.loginTest -->
    </test> <!-- Default test -->
  </suite> <!-- Default suite -->
</testng-results>
